[2026-04-03T00:00:20.238+0000] {processor.py:161} INFO - Started process (PID=278) to work on /opt/airflow/dags/citibike_dag.py
[2026-04-03T00:00:20.239+0000] {processor.py:830} INFO - Processing file /opt/airflow/dags/citibike_dag.py for tasks to queue
[2026-04-03T00:00:20.240+0000] {logging_mixin.py:188} INFO - [2026-04-03T00:00:20.240+0000] {dagbag.py:538} INFO - Filling up the DagBag from /opt/airflow/dags/citibike_dag.py
[2026-04-03T00:00:20.260+0000] {processor.py:840} INFO - DAG(s) 'citibike_etl_pipeline' retrieved from /opt/airflow/dags/citibike_dag.py
[2026-04-03T00:00:20.282+0000] {logging_mixin.py:188} INFO - [2026-04-03T00:00:20.282+0000] {dag.py:3036} INFO - Sync 1 DAGs
[2026-04-03T00:00:20.300+0000] {logging_mixin.py:188} INFO - [2026-04-03T00:00:20.300+0000] {dag.py:3823} INFO - Setting next_dagrun for citibike_etl_pipeline to 2026-04-01 00:00:00+00:00, run_after=2026-05-01 00:00:00+00:00
[2026-04-03T00:00:20.323+0000] {processor.py:183} INFO - Processing /opt/airflow/dags/citibike_dag.py took 0.088 seconds
[2026-04-03T00:00:50.510+0000] {processor.py:161} INFO - Started process (PID=279) to work on /opt/airflow/dags/citibike_dag.py
[2026-04-03T00:00:50.511+0000] {processor.py:830} INFO - Processing file /opt/airflow/dags/citibike_dag.py for tasks to queue
[2026-04-03T00:00:50.512+0000] {logging_mixin.py:188} INFO - [2026-04-03T00:00:50.512+0000] {dagbag.py:538} INFO - Filling up the DagBag from /opt/airflow/dags/citibike_dag.py
[2026-04-03T00:00:50.530+0000] {processor.py:840} INFO - DAG(s) 'citibike_etl_pipeline' retrieved from /opt/airflow/dags/citibike_dag.py
[2026-04-03T00:00:50.550+0000] {logging_mixin.py:188} INFO - [2026-04-03T00:00:50.550+0000] {dag.py:3036} INFO - Sync 1 DAGs
[2026-04-03T00:00:50.567+0000] {logging_mixin.py:188} INFO - [2026-04-03T00:00:50.567+0000] {dag.py:3823} INFO - Setting next_dagrun for citibike_etl_pipeline to 2026-04-01 00:00:00+00:00, run_after=2026-05-01 00:00:00+00:00
[2026-04-03T00:00:50.589+0000] {processor.py:183} INFO - Processing /opt/airflow/dags/citibike_dag.py took 0.081 seconds
[2026-04-03T00:01:20.683+0000] {processor.py:161} INFO - Started process (PID=280) to work on /opt/airflow/dags/citibike_dag.py
[2026-04-03T00:01:20.684+0000] {processor.py:830} INFO - Processing file /opt/airflow/dags/citibike_dag.py for tasks to queue
[2026-04-03T00:01:20.685+0000] {logging_mixin.py:188} INFO - [2026-04-03T00:01:20.684+0000] {dagbag.py:538} INFO - Filling up the DagBag from /opt/airflow/dags/citibike_dag.py
[2026-04-03T00:01:20.704+0000] {processor.py:840} INFO - DAG(s) 'citibike_etl_pipeline' retrieved from /opt/airflow/dags/citibike_dag.py
[2026-04-03T00:01:20.728+0000] {logging_mixin.py:188} INFO - [2026-04-03T00:01:20.728+0000] {dag.py:3036} INFO - Sync 1 DAGs
[2026-04-03T00:01:20.747+0000] {logging_mixin.py:188} INFO - [2026-04-03T00:01:20.747+0000] {dag.py:3823} INFO - Setting next_dagrun for citibike_etl_pipeline to 2026-04-01 00:00:00+00:00, run_after=2026-05-01 00:00:00+00:00
[2026-04-03T00:01:20.770+0000] {processor.py:183} INFO - Processing /opt/airflow/dags/citibike_dag.py took 0.090 seconds
[2026-04-03T00:01:50.860+0000] {processor.py:161} INFO - Started process (PID=281) to work on /opt/airflow/dags/citibike_dag.py
[2026-04-03T00:01:50.862+0000] {processor.py:830} INFO - Processing file /opt/airflow/dags/citibike_dag.py for tasks to queue
[2026-04-03T00:01:50.863+0000] {logging_mixin.py:188} INFO - [2026-04-03T00:01:50.862+0000] {dagbag.py:538} INFO - Filling up the DagBag from /opt/airflow/dags/citibike_dag.py
[2026-04-03T00:01:50.882+0000] {processor.py:840} INFO - DAG(s) 'citibike_etl_pipeline' retrieved from /opt/airflow/dags/citibike_dag.py
[2026-04-03T00:01:50.904+0000] {logging_mixin.py:188} INFO - [2026-04-03T00:01:50.904+0000] {dag.py:3036} INFO - Sync 1 DAGs
[2026-04-03T00:01:50.922+0000] {logging_mixin.py:188} INFO - [2026-04-03T00:01:50.922+0000] {dag.py:3823} INFO - Setting next_dagrun for citibike_etl_pipeline to 2026-04-01 00:00:00+00:00, run_after=2026-05-01 00:00:00+00:00
[2026-04-03T00:01:50.942+0000] {processor.py:183} INFO - Processing /opt/airflow/dags/citibike_dag.py took 0.085 seconds
[2026-04-03T00:02:21.053+0000] {processor.py:161} INFO - Started process (PID=282) to work on /opt/airflow/dags/citibike_dag.py
[2026-04-03T00:02:21.055+0000] {processor.py:830} INFO - Processing file /opt/airflow/dags/citibike_dag.py for tasks to queue
[2026-04-03T00:02:21.056+0000] {logging_mixin.py:188} INFO - [2026-04-03T00:02:21.056+0000] {dagbag.py:538} INFO - Filling up the DagBag from /opt/airflow/dags/citibike_dag.py
[2026-04-03T00:02:21.083+0000] {processor.py:840} INFO - DAG(s) 'citibike_etl_pipeline' retrieved from /opt/airflow/dags/citibike_dag.py
[2026-04-03T00:02:21.109+0000] {logging_mixin.py:188} INFO - [2026-04-03T00:02:21.108+0000] {dag.py:3036} INFO - Sync 1 DAGs
[2026-04-03T00:02:21.128+0000] {logging_mixin.py:188} INFO - [2026-04-03T00:02:21.128+0000] {dag.py:3823} INFO - Setting next_dagrun for citibike_etl_pipeline to 2026-04-01 00:00:00+00:00, run_after=2026-05-01 00:00:00+00:00
[2026-04-03T00:02:21.150+0000] {processor.py:183} INFO - Processing /opt/airflow/dags/citibike_dag.py took 0.101 seconds
[2026-04-03T00:02:51.325+0000] {processor.py:161} INFO - Started process (PID=283) to work on /opt/airflow/dags/citibike_dag.py
[2026-04-03T00:02:51.327+0000] {processor.py:830} INFO - Processing file /opt/airflow/dags/citibike_dag.py for tasks to queue
[2026-04-03T00:02:51.328+0000] {logging_mixin.py:188} INFO - [2026-04-03T00:02:51.327+0000] {dagbag.py:538} INFO - Filling up the DagBag from /opt/airflow/dags/citibike_dag.py
[2026-04-03T00:02:51.346+0000] {processor.py:840} INFO - DAG(s) 'citibike_etl_pipeline' retrieved from /opt/airflow/dags/citibike_dag.py
[2026-04-03T00:02:51.366+0000] {logging_mixin.py:188} INFO - [2026-04-03T00:02:51.366+0000] {dag.py:3036} INFO - Sync 1 DAGs
[2026-04-03T00:02:51.382+0000] {logging_mixin.py:188} INFO - [2026-04-03T00:02:51.382+0000] {dag.py:3823} INFO - Setting next_dagrun for citibike_etl_pipeline to 2026-04-01 00:00:00+00:00, run_after=2026-05-01 00:00:00+00:00
[2026-04-03T00:02:51.404+0000] {processor.py:183} INFO - Processing /opt/airflow/dags/citibike_dag.py took 0.082 seconds
[2026-04-03T00:03:21.498+0000] {processor.py:161} INFO - Started process (PID=284) to work on /opt/airflow/dags/citibike_dag.py
[2026-04-03T00:03:21.500+0000] {processor.py:830} INFO - Processing file /opt/airflow/dags/citibike_dag.py for tasks to queue
[2026-04-03T00:03:21.501+0000] {logging_mixin.py:188} INFO - [2026-04-03T00:03:21.500+0000] {dagbag.py:538} INFO - Filling up the DagBag from /opt/airflow/dags/citibike_dag.py
[2026-04-03T00:03:21.521+0000] {processor.py:840} INFO - DAG(s) 'citibike_etl_pipeline' retrieved from /opt/airflow/dags/citibike_dag.py
[2026-04-03T00:03:21.543+0000] {logging_mixin.py:188} INFO - [2026-04-03T00:03:21.542+0000] {dag.py:3036} INFO - Sync 1 DAGs
[2026-04-03T00:03:21.563+0000] {logging_mixin.py:188} INFO - [2026-04-03T00:03:21.563+0000] {dag.py:3823} INFO - Setting next_dagrun for citibike_etl_pipeline to 2026-04-01 00:00:00+00:00, run_after=2026-05-01 00:00:00+00:00
[2026-04-03T00:03:21.588+0000] {processor.py:183} INFO - Processing /opt/airflow/dags/citibike_dag.py took 0.092 seconds
