[2026-04-02T22:30:16.154+0000] {manager.py:469} INFO - Processing files using up to 1 processes at a time 
[2026-04-02T22:30:16.155+0000] {manager.py:470} INFO - Process each file at most once every 30 seconds
[2026-04-02T22:30:16.159+0000] {manager.py:471} INFO - Checking for new files in /opt/airflow/dags every 300 seconds
[2026-04-02T22:30:16.161+0000] {manager.py:738} INFO - Searching for files in /opt/airflow/dags
[2026-04-02T22:30:16.178+0000] {manager.py:741} INFO - There are 1 files in /opt/airflow/dags
[2026-04-02T22:30:16.816+0000] {manager.py:879} INFO - 
================================================================================
DAG File Processing Stats

File Path                          PID    Runtime      # DAGs    # Errors  Last Runtime    Last Run
---------------------------------  -----  ---------  --------  ----------  --------------  -------------------
/opt/airflow/dags/citibike_dag.py                           1           0  0.52s           2026-04-02T22:30:16
================================================================================
[2026-04-02T22:30:47.854+0000] {manager.py:879} INFO - 
================================================================================
DAG File Processing Stats

File Path                          PID    Runtime      # DAGs    # Errors  Last Runtime    Last Run
---------------------------------  -----  ---------  --------  ----------  --------------  -------------------
/opt/airflow/dags/citibike_dag.py                           1           0  0.21s           2026-04-02T22:30:47
================================================================================
[2026-04-02T22:31:17.996+0000] {manager.py:879} INFO - 
================================================================================
DAG File Processing Stats

File Path                          PID    Runtime      # DAGs    # Errors  Last Runtime    Last Run
---------------------------------  -----  ---------  --------  ----------  --------------  -------------------
/opt/airflow/dags/citibike_dag.py                           1           0  0.11s           2026-04-02T22:31:17
================================================================================
[2026-04-02T22:31:48.340+0000] {manager.py:879} INFO - 
================================================================================
DAG File Processing Stats

File Path                          PID    Runtime      # DAGs    # Errors  Last Runtime    Last Run
---------------------------------  -----  ---------  --------  ----------  --------------  -------------------
/opt/airflow/dags/citibike_dag.py                           1           0  0.20s           2026-04-02T22:31:48
================================================================================
[2026-04-02T22:32:18.499+0000] {manager.py:879} INFO - 
================================================================================
DAG File Processing Stats

File Path                          PID    Runtime      # DAGs    # Errors  Last Runtime    Last Run
---------------------------------  -----  ---------  --------  ----------  --------------  -------------------
/opt/airflow/dags/citibike_dag.py                           1           0  0.10s           2026-04-02T22:32:18
================================================================================
[2026-04-02T22:32:48.794+0000] {manager.py:879} INFO - 
================================================================================
DAG File Processing Stats

File Path                          PID    Runtime      # DAGs    # Errors  Last Runtime    Last Run
---------------------------------  -----  ---------  --------  ----------  --------------  -------------------
/opt/airflow/dags/citibike_dag.py                           1           0  0.11s           2026-04-02T22:32:48
================================================================================
[2026-04-02T22:33:19.052+0000] {manager.py:879} INFO - 
================================================================================
DAG File Processing Stats

File Path                          PID    Runtime      # DAGs    # Errors  Last Runtime    Last Run
---------------------------------  -----  ---------  --------  ----------  --------------  -------------------
/opt/airflow/dags/citibike_dag.py                           1           0  0.11s           2026-04-02T22:33:19
================================================================================
[2026-04-02T22:33:49.291+0000] {manager.py:879} INFO - 
================================================================================
DAG File Processing Stats

File Path                          PID    Runtime      # DAGs    # Errors  Last Runtime    Last Run
---------------------------------  -----  ---------  --------  ----------  --------------  -------------------
/opt/airflow/dags/citibike_dag.py                           1           0  0.10s           2026-04-02T22:33:49
================================================================================
[2026-04-02T22:34:19.543+0000] {manager.py:879} INFO - 
================================================================================
DAG File Processing Stats

File Path                          PID    Runtime      # DAGs    # Errors  Last Runtime    Last Run
---------------------------------  -----  ---------  --------  ----------  --------------  -------------------
/opt/airflow/dags/citibike_dag.py                           1           0  0.11s           2026-04-02T22:34:19
================================================================================
[2026-04-02T22:34:49.763+0000] {manager.py:879} INFO - 
================================================================================
DAG File Processing Stats

File Path                          PID    Runtime      # DAGs    # Errors  Last Runtime    Last Run
---------------------------------  -----  ---------  --------  ----------  --------------  -------------------
/opt/airflow/dags/citibike_dag.py                           1           0  0.10s           2026-04-02T22:34:49
================================================================================
[2026-04-02T22:35:20.388+0000] {manager.py:738} INFO - Searching for files in /opt/airflow/dags
[2026-04-02T22:35:20.404+0000] {manager.py:741} INFO - There are 1 files in /opt/airflow/dags
[2026-04-02T22:35:20.525+0000] {manager.py:879} INFO - 
================================================================================
DAG File Processing Stats

File Path                          PID    Runtime      # DAGs    # Errors  Last Runtime    Last Run
---------------------------------  -----  ---------  --------  ----------  --------------  -------------------
/opt/airflow/dags/citibike_dag.py                           1           0  0.11s           2026-04-02T22:35:20
================================================================================
[2026-04-02T22:35:51.674+0000] {manager.py:879} INFO - 
================================================================================
DAG File Processing Stats

File Path                          PID    Runtime      # DAGs    # Errors  Last Runtime    Last Run
---------------------------------  -----  ---------  --------  ----------  --------------  -------------------
/opt/airflow/dags/citibike_dag.py                           1           0  0.20s           2026-04-02T22:35:51
================================================================================
[2026-04-02T22:36:22.769+0000] {manager.py:879} INFO - 
================================================================================
DAG File Processing Stats

File Path                          PID    Runtime      # DAGs    # Errors  Last Runtime    Last Run
---------------------------------  -----  ---------  --------  ----------  --------------  -------------------
/opt/airflow/dags/citibike_dag.py                           1           0  0.21s           2026-04-02T22:36:22
================================================================================
[2026-04-02T22:36:53.928+0000] {manager.py:879} INFO - 
================================================================================
DAG File Processing Stats

File Path                          PID    Runtime      # DAGs    # Errors  Last Runtime    Last Run
---------------------------------  -----  ---------  --------  ----------  --------------  -------------------
/opt/airflow/dags/citibike_dag.py                           1           0  0.20s           2026-04-02T22:36:53
================================================================================
[2026-04-02T22:37:24.159+0000] {manager.py:879} INFO - 
================================================================================
DAG File Processing Stats

File Path                          PID    Runtime      # DAGs    # Errors  Last Runtime    Last Run
---------------------------------  -----  ---------  --------  ----------  --------------  -------------------
/opt/airflow/dags/citibike_dag.py                           1           0  0.20s           2026-04-02T22:37:24
================================================================================
[2026-04-02T22:37:54.405+0000] {manager.py:879} INFO - 
================================================================================
DAG File Processing Stats

File Path                          PID    Runtime      # DAGs    # Errors  Last Runtime    Last Run
---------------------------------  -----  ---------  --------  ----------  --------------  -------------------
/opt/airflow/dags/citibike_dag.py                           1           0  0.21s           2026-04-02T22:37:54
================================================================================
[2026-04-02T22:38:24.402+0000] {manager.py:879} INFO - 
================================================================================
DAG File Processing Stats

File Path                          PID    Runtime      # DAGs    # Errors  Last Runtime    Last Run
---------------------------------  -----  ---------  --------  ----------  --------------  -------------------
/opt/airflow/dags/citibike_dag.py                           1           0  0.21s           2026-04-02T22:37:54
================================================================================
[2026-04-02T22:38:54.623+0000] {manager.py:879} INFO - 
================================================================================
DAG File Processing Stats

File Path                          PID    Runtime      # DAGs    # Errors  Last Runtime    Last Run
---------------------------------  -----  ---------  --------  ----------  --------------  -------------------
/opt/airflow/dags/citibike_dag.py                           1           0  0.20s           2026-04-02T22:38:25
================================================================================
[2026-04-02T22:39:24.880+0000] {manager.py:879} INFO - 
================================================================================
DAG File Processing Stats

File Path                          PID    Runtime      # DAGs    # Errors  Last Runtime    Last Run
---------------------------------  -----  ---------  --------  ----------  --------------  -------------------
/opt/airflow/dags/citibike_dag.py                           1           0  0.11s           2026-04-02T22:38:55
================================================================================
[2026-04-02T22:39:55.123+0000] {manager.py:879} INFO - 
================================================================================
DAG File Processing Stats

File Path                          PID    Runtime      # DAGs    # Errors  Last Runtime    Last Run
---------------------------------  -----  ---------  --------  ----------  --------------  -------------------
/opt/airflow/dags/citibike_dag.py                           1           0  0.11s           2026-04-02T22:39:26
================================================================================
[2026-04-02T22:40:20.429+0000] {manager.py:738} INFO - Searching for files in /opt/airflow/dags
[2026-04-02T22:40:20.452+0000] {manager.py:741} INFO - There are 1 files in /opt/airflow/dags
[2026-04-02T22:40:25.349+0000] {manager.py:879} INFO - 
================================================================================
DAG File Processing Stats

File Path                          PID    Runtime      # DAGs    # Errors  Last Runtime    Last Run
---------------------------------  -----  ---------  --------  ----------  --------------  -------------------
/opt/airflow/dags/citibike_dag.py                           1           0  0.10s           2026-04-02T22:39:56
================================================================================
[2026-04-02T22:40:55.573+0000] {manager.py:879} INFO - 
================================================================================
DAG File Processing Stats

File Path                          PID    Runtime      # DAGs    # Errors  Last Runtime    Last Run
---------------------------------  -----  ---------  --------  ----------  --------------  -------------------
/opt/airflow/dags/citibike_dag.py                           1           0  0.20s           2026-04-02T22:40:26
================================================================================
[2026-04-02T22:41:25.811+0000] {manager.py:879} INFO - 
================================================================================
DAG File Processing Stats

File Path                          PID    Runtime      # DAGs    # Errors  Last Runtime    Last Run
---------------------------------  -----  ---------  --------  ----------  --------------  -------------------
/opt/airflow/dags/citibike_dag.py                           1           0  0.10s           2026-04-02T22:40:56
================================================================================
[2026-04-02T22:41:56.069+0000] {manager.py:879} INFO - 
================================================================================
DAG File Processing Stats

File Path                          PID    Runtime      # DAGs    # Errors  Last Runtime    Last Run
---------------------------------  -----  ---------  --------  ----------  --------------  -------------------
/opt/airflow/dags/citibike_dag.py                           1           0  0.11s           2026-04-02T22:41:26
================================================================================
[2026-04-02T22:42:26.488+0000] {manager.py:879} INFO - 
================================================================================
DAG File Processing Stats

File Path                          PID    Runtime      # DAGs    # Errors  Last Runtime    Last Run
---------------------------------  -----  ---------  --------  ----------  --------------  -------------------
/opt/airflow/dags/citibike_dag.py                           1           0  0.10s           2026-04-02T22:41:57
================================================================================
[2026-04-02T22:42:56.864+0000] {manager.py:879} INFO - 
================================================================================
DAG File Processing Stats

File Path                          PID    Runtime      # DAGs    # Errors  Last Runtime    Last Run
---------------------------------  -----  ---------  --------  ----------  --------------  -------------------
/opt/airflow/dags/citibike_dag.py                           1           0  0.32s           2026-04-02T22:42:27
================================================================================
[2026-04-02T22:43:27.167+0000] {manager.py:879} INFO - 
================================================================================
DAG File Processing Stats

File Path                          PID    Runtime      # DAGs    # Errors  Last Runtime    Last Run
---------------------------------  -----  ---------  --------  ----------  --------------  -------------------
/opt/airflow/dags/citibike_dag.py                           1           0  0.31s           2026-04-02T22:42:58
================================================================================
[2026-04-02T22:43:57.806+0000] {manager.py:879} INFO - 
================================================================================
DAG File Processing Stats

File Path                          PID    Runtime      # DAGs    # Errors  Last Runtime    Last Run
---------------------------------  -----  ---------  --------  ----------  --------------  -------------------
/opt/airflow/dags/citibike_dag.py                           1           0  0.21s           2026-04-02T22:43:29
================================================================================
[2026-04-02T22:44:28.444+0000] {manager.py:879} INFO - 
================================================================================
DAG File Processing Stats

File Path                          PID    Runtime      # DAGs    # Errors  Last Runtime    Last Run
---------------------------------  -----  ---------  --------  ----------  --------------  -------------------
/opt/airflow/dags/citibike_dag.py                           1           0  0.31s           2026-04-02T22:43:59
================================================================================
[2026-04-02T22:44:59.008+0000] {manager.py:879} INFO - 
================================================================================
DAG File Processing Stats

File Path                          PID    Runtime      # DAGs    # Errors  Last Runtime    Last Run
---------------------------------  -----  ---------  --------  ----------  --------------  -------------------
/opt/airflow/dags/citibike_dag.py                           1           0  0.21s           2026-04-02T22:44:30
================================================================================
[2026-04-02T22:45:20.600+0000] {manager.py:738} INFO - Searching for files in /opt/airflow/dags
[2026-04-02T22:45:20.634+0000] {manager.py:741} INFO - There are 1 files in /opt/airflow/dags
[2026-04-02T22:45:29.703+0000] {manager.py:879} INFO - 
================================================================================
DAG File Processing Stats

File Path                          PID    Runtime      # DAGs    # Errors  Last Runtime    Last Run
---------------------------------  -----  ---------  --------  ----------  --------------  -------------------
/opt/airflow/dags/citibike_dag.py                           1           0  0.31s           2026-04-02T22:45:01
================================================================================
[2026-04-02T22:46:00.318+0000] {manager.py:879} INFO - 
================================================================================
DAG File Processing Stats

File Path                          PID    Runtime      # DAGs    # Errors  Last Runtime    Last Run
---------------------------------  -----  ---------  --------  ----------  --------------  -------------------
/opt/airflow/dags/citibike_dag.py                           1           0  0.21s           2026-04-02T22:45:31
================================================================================
[2026-04-02T23:07:09.119+0000] {manager.py:738} INFO - Searching for files in /opt/airflow/dags
[2026-04-02T23:07:11.404+0000] {manager.py:741} INFO - There are 1 files in /opt/airflow/dags
[2026-04-02T23:07:27.444+0000] {manager.py:879} INFO - 
================================================================================
DAG File Processing Stats

File Path                          PID    Runtime      # DAGs    # Errors  Last Runtime    Last Run
---------------------------------  -----  ---------  --------  ----------  --------------  -------------------
/opt/airflow/dags/citibike_dag.py                           1           0  1.07s           2026-04-02T23:07:12
================================================================================
[2026-04-02T23:07:58.074+0000] {manager.py:879} INFO - 
================================================================================
DAG File Processing Stats

File Path                          PID    Runtime      # DAGs    # Errors  Last Runtime    Last Run
---------------------------------  -----  ---------  --------  ----------  --------------  -------------------
/opt/airflow/dags/citibike_dag.py                           1           0  0.11s           2026-04-02T23:07:43
================================================================================
[2026-04-02T23:08:28.332+0000] {manager.py:879} INFO - 
================================================================================
DAG File Processing Stats

File Path                          PID    Runtime      # DAGs    # Errors  Last Runtime    Last Run
---------------------------------  -----  ---------  --------  ----------  --------------  -------------------
/opt/airflow/dags/citibike_dag.py                           1           0  0.21s           2026-04-02T23:08:13
================================================================================
[2026-04-02T23:08:58.559+0000] {manager.py:879} INFO - 
================================================================================
DAG File Processing Stats

File Path                          PID    Runtime      # DAGs    # Errors  Last Runtime    Last Run
---------------------------------  -----  ---------  --------  ----------  --------------  -------------------
/opt/airflow/dags/citibike_dag.py                           1           0  0.20s           2026-04-02T23:08:43
================================================================================
[2026-04-02T23:09:28.798+0000] {manager.py:879} INFO - 
================================================================================
DAG File Processing Stats

File Path                          PID    Runtime      # DAGs    # Errors  Last Runtime    Last Run
---------------------------------  -----  ---------  --------  ----------  --------------  -------------------
/opt/airflow/dags/citibike_dag.py                           1           0  0.11s           2026-04-02T23:09:13
================================================================================
[2026-04-02T23:09:59.031+0000] {manager.py:879} INFO - 
================================================================================
DAG File Processing Stats

File Path                          PID    Runtime      # DAGs    # Errors  Last Runtime    Last Run
---------------------------------  -----  ---------  --------  ----------  --------------  -------------------
/opt/airflow/dags/citibike_dag.py                           1           0  0.21s           2026-04-02T23:09:44
================================================================================
[2026-04-02T23:10:29.335+0000] {manager.py:879} INFO - 
================================================================================
DAG File Processing Stats

File Path                          PID    Runtime      # DAGs    # Errors  Last Runtime    Last Run
---------------------------------  -----  ---------  --------  ----------  --------------  -------------------
/opt/airflow/dags/citibike_dag.py                           1           0  0.11s           2026-04-02T23:10:14
================================================================================
[2026-04-02T23:10:59.561+0000] {manager.py:879} INFO - 
================================================================================
DAG File Processing Stats

File Path                          PID    Runtime      # DAGs    # Errors  Last Runtime    Last Run
---------------------------------  -----  ---------  --------  ----------  --------------  -------------------
/opt/airflow/dags/citibike_dag.py                           1           0  0.10s           2026-04-02T23:10:44
================================================================================
[2026-04-02T23:11:29.826+0000] {manager.py:879} INFO - 
================================================================================
DAG File Processing Stats

File Path                          PID    Runtime      # DAGs    # Errors  Last Runtime    Last Run
---------------------------------  -----  ---------  --------  ----------  --------------  -------------------
/opt/airflow/dags/citibike_dag.py                           1           0  0.21s           2026-04-02T23:11:14
================================================================================
[2026-04-02T23:12:00.079+0000] {manager.py:879} INFO - 
================================================================================
DAG File Processing Stats

File Path                          PID    Runtime      # DAGs    # Errors  Last Runtime    Last Run
---------------------------------  -----  ---------  --------  ----------  --------------  -------------------
/opt/airflow/dags/citibike_dag.py                           1           0  0.10s           2026-04-02T23:11:45
================================================================================
[2026-04-02T23:12:09.142+0000] {manager.py:738} INFO - Searching for files in /opt/airflow/dags
[2026-04-02T23:12:09.155+0000] {manager.py:741} INFO - There are 1 files in /opt/airflow/dags
[2026-04-02T23:12:30.349+0000] {manager.py:879} INFO - 
================================================================================
DAG File Processing Stats

File Path                          PID    Runtime      # DAGs    # Errors  Last Runtime    Last Run
---------------------------------  -----  ---------  --------  ----------  --------------  -------------------
/opt/airflow/dags/citibike_dag.py                           1           0  0.21s           2026-04-02T23:12:15
================================================================================
[2026-04-02T23:13:00.593+0000] {manager.py:879} INFO - 
================================================================================
DAG File Processing Stats

File Path                          PID    Runtime      # DAGs    # Errors  Last Runtime    Last Run
---------------------------------  -----  ---------  --------  ----------  --------------  -------------------
/opt/airflow/dags/citibike_dag.py                           1           0  0.11s           2026-04-02T23:12:45
================================================================================
[2026-04-02T23:13:30.844+0000] {manager.py:879} INFO - 
================================================================================
DAG File Processing Stats

File Path                          PID    Runtime      # DAGs    # Errors  Last Runtime    Last Run
---------------------------------  -----  ---------  --------  ----------  --------------  -------------------
/opt/airflow/dags/citibike_dag.py                           1           0  0.21s           2026-04-02T23:13:15
================================================================================
[2026-04-02T23:14:01.060+0000] {manager.py:879} INFO - 
================================================================================
DAG File Processing Stats

File Path                          PID    Runtime      # DAGs    # Errors  Last Runtime    Last Run
---------------------------------  -----  ---------  --------  ----------  --------------  -------------------
/opt/airflow/dags/citibike_dag.py                           1           0  0.10s           2026-04-02T23:13:46
================================================================================
[2026-04-02T23:14:31.307+0000] {manager.py:879} INFO - 
================================================================================
DAG File Processing Stats

File Path                          PID    Runtime      # DAGs    # Errors  Last Runtime    Last Run
---------------------------------  -----  ---------  --------  ----------  --------------  -------------------
/opt/airflow/dags/citibike_dag.py                           1           0  0.20s           2026-04-02T23:14:16
================================================================================
[2026-04-02T23:15:01.555+0000] {manager.py:879} INFO - 
================================================================================
DAG File Processing Stats

File Path                          PID    Runtime      # DAGs    # Errors  Last Runtime    Last Run
---------------------------------  -----  ---------  --------  ----------  --------------  -------------------
/opt/airflow/dags/citibike_dag.py                           1           0  0.21s           2026-04-02T23:14:46
================================================================================
[2026-04-02T23:15:31.808+0000] {manager.py:879} INFO - 
================================================================================
DAG File Processing Stats

File Path                          PID    Runtime      # DAGs    # Errors  Last Runtime    Last Run
---------------------------------  -----  ---------  --------  ----------  --------------  -------------------
/opt/airflow/dags/citibike_dag.py                           1           0  0.21s           2026-04-02T23:15:16
================================================================================
[2026-04-02T23:16:02.087+0000] {manager.py:879} INFO - 
================================================================================
DAG File Processing Stats

File Path                          PID    Runtime      # DAGs    # Errors  Last Runtime    Last Run
---------------------------------  -----  ---------  --------  ----------  --------------  -------------------
/opt/airflow/dags/citibike_dag.py                           1           0  0.21s           2026-04-02T23:15:47
================================================================================
[2026-04-02T23:16:32.318+0000] {manager.py:879} INFO - 
================================================================================
DAG File Processing Stats

File Path                          PID    Runtime      # DAGs    # Errors  Last Runtime    Last Run
---------------------------------  -----  ---------  --------  ----------  --------------  -------------------
/opt/airflow/dags/citibike_dag.py                           1           0  0.10s           2026-04-02T23:16:17
================================================================================
[2026-04-02T23:17:02.610+0000] {manager.py:879} INFO - 
================================================================================
DAG File Processing Stats

File Path                          PID    Runtime      # DAGs    # Errors  Last Runtime    Last Run
---------------------------------  -----  ---------  --------  ----------  --------------  -------------------
/opt/airflow/dags/citibike_dag.py                           1           0  0.20s           2026-04-02T23:16:47
================================================================================
[2026-04-02T23:17:09.601+0000] {manager.py:738} INFO - Searching for files in /opt/airflow/dags
[2026-04-02T23:17:09.713+0000] {manager.py:741} INFO - There are 1 files in /opt/airflow/dags
[2026-04-02T23:17:32.833+0000] {manager.py:879} INFO - 
================================================================================
DAG File Processing Stats

File Path                          PID    Runtime      # DAGs    # Errors  Last Runtime    Last Run
---------------------------------  -----  ---------  --------  ----------  --------------  -------------------
/opt/airflow/dags/citibike_dag.py                           1           0  0.20s           2026-04-02T23:17:18
================================================================================
[2026-04-02T23:18:03.297+0000] {manager.py:879} INFO - 
================================================================================
DAG File Processing Stats

File Path                          PID    Runtime      # DAGs    # Errors  Last Runtime    Last Run
---------------------------------  -----  ---------  --------  ----------  --------------  -------------------
/opt/airflow/dags/citibike_dag.py                           1           0  0.20s           2026-04-02T23:17:48
================================================================================
[2026-04-02T23:18:33.363+0000] {manager.py:879} INFO - 
================================================================================
DAG File Processing Stats

File Path                          PID    Runtime      # DAGs    # Errors  Last Runtime    Last Run
---------------------------------  -----  ---------  --------  ----------  --------------  -------------------
/opt/airflow/dags/citibike_dag.py                           1           0  0.20s           2026-04-02T23:18:18
================================================================================
[2026-04-02T23:19:03.658+0000] {manager.py:879} INFO - 
================================================================================
DAG File Processing Stats

File Path                          PID    Runtime      # DAGs    # Errors  Last Runtime    Last Run
---------------------------------  -----  ---------  --------  ----------  --------------  -------------------
/opt/airflow/dags/citibike_dag.py                           1           0  0.10s           2026-04-02T23:18:48
================================================================================
[2026-04-02T23:19:33.887+0000] {manager.py:879} INFO - 
================================================================================
DAG File Processing Stats

File Path                          PID    Runtime      # DAGs    # Errors  Last Runtime    Last Run
---------------------------------  -----  ---------  --------  ----------  --------------  -------------------
/opt/airflow/dags/citibike_dag.py                           1           0  0.21s           2026-04-02T23:19:19
================================================================================
[2026-04-02T23:20:04.178+0000] {manager.py:879} INFO - 
================================================================================
DAG File Processing Stats

File Path                          PID    Runtime      # DAGs    # Errors  Last Runtime    Last Run
---------------------------------  -----  ---------  --------  ----------  --------------  -------------------
/opt/airflow/dags/citibike_dag.py                           1           0  0.11s           2026-04-02T23:19:49
================================================================================
[2026-04-02T23:20:34.476+0000] {manager.py:879} INFO - 
================================================================================
DAG File Processing Stats

File Path                          PID    Runtime      # DAGs    # Errors  Last Runtime    Last Run
---------------------------------  -----  ---------  --------  ----------  --------------  -------------------
/opt/airflow/dags/citibike_dag.py                           1           0  0.31s           2026-04-02T23:20:19
================================================================================
[2026-04-02T23:21:04.684+0000] {manager.py:879} INFO - 
================================================================================
DAG File Processing Stats

File Path                          PID    Runtime      # DAGs    # Errors  Last Runtime    Last Run
---------------------------------  -----  ---------  --------  ----------  --------------  -------------------
/opt/airflow/dags/citibike_dag.py                           1           0  0.11s           2026-04-02T23:20:50
================================================================================
[2026-04-02T23:21:34.962+0000] {manager.py:879} INFO - 
================================================================================
DAG File Processing Stats

File Path                          PID    Runtime      # DAGs    # Errors  Last Runtime    Last Run
---------------------------------  -----  ---------  --------  ----------  --------------  -------------------
/opt/airflow/dags/citibike_dag.py                           1           0  0.20s           2026-04-02T23:21:20
================================================================================
[2026-04-02T23:22:05.444+0000] {manager.py:879} INFO - 
================================================================================
DAG File Processing Stats

File Path                          PID    Runtime      # DAGs    # Errors  Last Runtime    Last Run
---------------------------------  -----  ---------  --------  ----------  --------------  -------------------
/opt/airflow/dags/citibike_dag.py                           1           0  0.21s           2026-04-02T23:22:01
================================================================================
[2026-04-02T23:22:10.639+0000] {manager.py:738} INFO - Searching for files in /opt/airflow/dags
[2026-04-02T23:22:10.671+0000] {manager.py:741} INFO - There are 1 files in /opt/airflow/dags
[2026-04-02T23:22:35.719+0000] {manager.py:879} INFO - 
================================================================================
DAG File Processing Stats

File Path                          PID    Runtime      # DAGs    # Errors  Last Runtime    Last Run
---------------------------------  -----  ---------  --------  ----------  --------------  -------------------
/opt/airflow/dags/citibike_dag.py                           1           0  0.11s           2026-04-02T23:22:31
================================================================================
[2026-04-02T23:23:05.781+0000] {manager.py:879} INFO - 
================================================================================
DAG File Processing Stats

File Path                          PID    Runtime      # DAGs    # Errors  Last Runtime    Last Run
---------------------------------  -----  ---------  --------  ----------  --------------  -------------------
/opt/airflow/dags/citibike_dag.py                           1           0  0.21s           2026-04-02T23:23:02
================================================================================
[2026-04-02T23:23:35.844+0000] {manager.py:879} INFO - 
================================================================================
DAG File Processing Stats

File Path                          PID    Runtime      # DAGs    # Errors  Last Runtime    Last Run
---------------------------------  -----  ---------  --------  ----------  --------------  -------------------
/opt/airflow/dags/citibike_dag.py                           1           0  0.20s           2026-04-02T23:23:32
================================================================================
[2026-04-02T23:24:05.911+0000] {manager.py:879} INFO - 
================================================================================
DAG File Processing Stats

File Path                          PID    Runtime      # DAGs    # Errors  Last Runtime    Last Run
---------------------------------  -----  ---------  --------  ----------  --------------  -------------------
/opt/airflow/dags/citibike_dag.py                           1           0  0.20s           2026-04-02T23:24:02
================================================================================
[2026-04-02T23:24:35.973+0000] {manager.py:879} INFO - 
================================================================================
DAG File Processing Stats

File Path                          PID    Runtime      # DAGs    # Errors  Last Runtime    Last Run
---------------------------------  -----  ---------  --------  ----------  --------------  -------------------
/opt/airflow/dags/citibike_dag.py                           1           0  0.20s           2026-04-02T23:24:33
================================================================================
[2026-04-02T23:25:06.031+0000] {manager.py:879} INFO - 
================================================================================
DAG File Processing Stats

File Path                          PID    Runtime      # DAGs    # Errors  Last Runtime    Last Run
---------------------------------  -----  ---------  --------  ----------  --------------  -------------------
/opt/airflow/dags/citibike_dag.py                           1           0  0.20s           2026-04-02T23:25:03
================================================================================
[2026-04-02T23:25:36.094+0000] {manager.py:879} INFO - 
================================================================================
DAG File Processing Stats

File Path                          PID    Runtime      # DAGs    # Errors  Last Runtime    Last Run
---------------------------------  -----  ---------  --------  ----------  --------------  -------------------
/opt/airflow/dags/citibike_dag.py                           1           0  0.10s           2026-04-02T23:25:34
================================================================================
[2026-04-02T23:26:06.153+0000] {manager.py:879} INFO - 
================================================================================
DAG File Processing Stats

File Path                          PID    Runtime      # DAGs    # Errors  Last Runtime    Last Run
---------------------------------  -----  ---------  --------  ----------  --------------  -------------------
/opt/airflow/dags/citibike_dag.py                           1           0  0.20s           2026-04-02T23:26:04
================================================================================
[2026-04-02T23:26:36.220+0000] {manager.py:879} INFO - 
================================================================================
DAG File Processing Stats

File Path                          PID    Runtime      # DAGs    # Errors  Last Runtime    Last Run
---------------------------------  -----  ---------  --------  ----------  --------------  -------------------
/opt/airflow/dags/citibike_dag.py                           1           0  0.20s           2026-04-02T23:26:35
================================================================================
[2026-04-02T23:27:06.278+0000] {manager.py:879} INFO - 
================================================================================
DAG File Processing Stats

File Path                          PID    Runtime      # DAGs    # Errors  Last Runtime    Last Run
---------------------------------  -----  ---------  --------  ----------  --------------  -------------------
/opt/airflow/dags/citibike_dag.py                           1           0  0.10s           2026-04-02T23:27:05
================================================================================
[2026-04-02T23:27:11.612+0000] {manager.py:738} INFO - Searching for files in /opt/airflow/dags
[2026-04-02T23:27:11.626+0000] {manager.py:741} INFO - There are 1 files in /opt/airflow/dags
[2026-04-02T23:27:36.336+0000] {manager.py:879} INFO - 
================================================================================
DAG File Processing Stats

File Path                          PID    Runtime      # DAGs    # Errors  Last Runtime    Last Run
---------------------------------  -----  ---------  --------  ----------  --------------  -------------------
/opt/airflow/dags/citibike_dag.py                           1           0  0.10s           2026-04-02T23:27:35
================================================================================
[2026-04-02T23:28:06.408+0000] {manager.py:879} INFO - 
================================================================================
DAG File Processing Stats

File Path                          PID    Runtime      # DAGs    # Errors  Last Runtime    Last Run
---------------------------------  -----  ---------  --------  ----------  --------------  -------------------
/opt/airflow/dags/citibike_dag.py                           1           0  0.10s           2026-04-02T23:28:06
================================================================================
[2026-04-02T23:28:36.617+0000] {manager.py:879} INFO - 
================================================================================
DAG File Processing Stats

File Path                          PID    Runtime      # DAGs    # Errors  Last Runtime    Last Run
---------------------------------  -----  ---------  --------  ----------  --------------  -------------------
/opt/airflow/dags/citibike_dag.py                           1           0  0.20s           2026-04-02T23:28:36
================================================================================
[2026-04-02T23:29:06.814+0000] {manager.py:879} INFO - 
================================================================================
DAG File Processing Stats

File Path                          PID    Runtime      # DAGs    # Errors  Last Runtime    Last Run
---------------------------------  -----  ---------  --------  ----------  --------------  -------------------
/opt/airflow/dags/citibike_dag.py                           1           0  0.10s           2026-04-02T23:29:06
================================================================================
[2026-04-02T23:29:36.983+0000] {manager.py:879} INFO - 
================================================================================
DAG File Processing Stats

File Path                          PID    Runtime      # DAGs    # Errors  Last Runtime    Last Run
---------------------------------  -----  ---------  --------  ----------  --------------  -------------------
/opt/airflow/dags/citibike_dag.py                           1           0  0.10s           2026-04-02T23:29:36
================================================================================
[2026-04-02T23:30:07.147+0000] {manager.py:879} INFO - 
================================================================================
DAG File Processing Stats

File Path                          PID    Runtime      # DAGs    # Errors  Last Runtime    Last Run
---------------------------------  -----  ---------  --------  ----------  --------------  -------------------
/opt/airflow/dags/citibike_dag.py                           1           0  0.10s           2026-04-02T23:30:07
================================================================================
[2026-04-02T23:30:37.326+0000] {manager.py:879} INFO - 
================================================================================
DAG File Processing Stats

File Path                          PID    Runtime      # DAGs    # Errors  Last Runtime    Last Run
---------------------------------  -----  ---------  --------  ----------  --------------  -------------------
/opt/airflow/dags/citibike_dag.py                           1           0  0.10s           2026-04-02T23:30:37
================================================================================
[2026-04-02T23:31:07.518+0000] {manager.py:879} INFO - 
================================================================================
DAG File Processing Stats

File Path                          PID    Runtime      # DAGs    # Errors  Last Runtime    Last Run
---------------------------------  -----  ---------  --------  ----------  --------------  -------------------
/opt/airflow/dags/citibike_dag.py                           1           0  0.11s           2026-04-02T23:31:07
================================================================================
[2026-04-02T23:31:37.699+0000] {manager.py:879} INFO - 
================================================================================
DAG File Processing Stats

File Path                          PID    Runtime      # DAGs    # Errors  Last Runtime    Last Run
---------------------------------  -----  ---------  --------  ----------  --------------  -------------------
/opt/airflow/dags/citibike_dag.py                           1           0  0.11s           2026-04-02T23:31:37
================================================================================
[2026-04-02T23:32:07.978+0000] {manager.py:879} INFO - 
================================================================================
DAG File Processing Stats

File Path                          PID    Runtime      # DAGs    # Errors  Last Runtime    Last Run
---------------------------------  -----  ---------  --------  ----------  --------------  -------------------
/opt/airflow/dags/citibike_dag.py                           1           0  0.20s           2026-04-02T23:32:07
================================================================================
[2026-04-02T23:32:12.491+0000] {manager.py:738} INFO - Searching for files in /opt/airflow/dags
[2026-04-02T23:32:12.533+0000] {manager.py:741} INFO - There are 1 files in /opt/airflow/dags
[2026-04-02T23:32:38.252+0000] {manager.py:879} INFO - 
================================================================================
DAG File Processing Stats

File Path                          PID    Runtime      # DAGs    # Errors  Last Runtime    Last Run
---------------------------------  -----  ---------  --------  ----------  --------------  -------------------
/opt/airflow/dags/citibike_dag.py                           1           0  0.20s           2026-04-02T23:32:38
================================================================================
[2026-04-02T23:33:08.435+0000] {manager.py:879} INFO - 
================================================================================
DAG File Processing Stats

File Path                          PID    Runtime      # DAGs    # Errors  Last Runtime    Last Run
---------------------------------  -----  ---------  --------  ----------  --------------  -------------------
/opt/airflow/dags/citibike_dag.py                           1           0  0.10s           2026-04-02T23:33:08
================================================================================
[2026-04-02T23:33:38.610+0000] {manager.py:879} INFO - 
================================================================================
DAG File Processing Stats

File Path                          PID    Runtime      # DAGs    # Errors  Last Runtime    Last Run
---------------------------------  -----  ---------  --------  ----------  --------------  -------------------
/opt/airflow/dags/citibike_dag.py                           1           0  0.11s           2026-04-02T23:33:38
================================================================================
[2026-04-02T23:34:08.887+0000] {manager.py:879} INFO - 
================================================================================
DAG File Processing Stats

File Path                          PID    Runtime      # DAGs    # Errors  Last Runtime    Last Run
---------------------------------  -----  ---------  --------  ----------  --------------  -------------------
/opt/airflow/dags/citibike_dag.py                           1           0  0.20s           2026-04-02T23:34:08
================================================================================
[2026-04-02T23:34:39.059+0000] {manager.py:879} INFO - 
================================================================================
DAG File Processing Stats

File Path                          PID    Runtime      # DAGs    # Errors  Last Runtime    Last Run
---------------------------------  -----  ---------  --------  ----------  --------------  -------------------
/opt/airflow/dags/citibike_dag.py                           1           0  0.11s           2026-04-02T23:34:39
================================================================================
[2026-04-02T23:35:09.333+0000] {manager.py:879} INFO - 
================================================================================
DAG File Processing Stats

File Path                          PID    Runtime      # DAGs    # Errors  Last Runtime    Last Run
---------------------------------  -----  ---------  --------  ----------  --------------  -------------------
/opt/airflow/dags/citibike_dag.py                           1           0  0.20s           2026-04-02T23:35:09
================================================================================
[2026-04-02T23:35:39.505+0000] {manager.py:879} INFO - 
================================================================================
DAG File Processing Stats

File Path                          PID    Runtime      # DAGs    # Errors  Last Runtime    Last Run
---------------------------------  -----  ---------  --------  ----------  --------------  -------------------
/opt/airflow/dags/citibike_dag.py                           1           0  0.10s           2026-04-02T23:35:39
================================================================================
[2026-04-02T23:36:09.676+0000] {manager.py:879} INFO - 
================================================================================
DAG File Processing Stats

File Path                          PID    Runtime      # DAGs    # Errors  Last Runtime    Last Run
---------------------------------  -----  ---------  --------  ----------  --------------  -------------------
/opt/airflow/dags/citibike_dag.py                           1           0  0.10s           2026-04-02T23:36:09
================================================================================
[2026-04-02T23:36:39.845+0000] {manager.py:879} INFO - 
================================================================================
DAG File Processing Stats

File Path                          PID    Runtime      # DAGs    # Errors  Last Runtime    Last Run
---------------------------------  -----  ---------  --------  ----------  --------------  -------------------
/opt/airflow/dags/citibike_dag.py                           1           0  0.10s           2026-04-02T23:36:39
================================================================================
[2026-04-02T23:37:10.020+0000] {manager.py:879} INFO - 
================================================================================
DAG File Processing Stats

File Path                          PID    Runtime      # DAGs    # Errors  Last Runtime    Last Run
---------------------------------  -----  ---------  --------  ----------  --------------  -------------------
/opt/airflow/dags/citibike_dag.py                           1           0  0.11s           2026-04-02T23:37:10
================================================================================
[2026-04-02T23:37:12.809+0000] {manager.py:738} INFO - Searching for files in /opt/airflow/dags
[2026-04-02T23:37:12.825+0000] {manager.py:741} INFO - There are 1 files in /opt/airflow/dags
[2026-04-02T23:37:40.243+0000] {manager.py:879} INFO - 
================================================================================
DAG File Processing Stats

File Path                          PID    Runtime      # DAGs    # Errors  Last Runtime    Last Run
---------------------------------  -----  ---------  --------  ----------  --------------  -------------------
/opt/airflow/dags/citibike_dag.py                           1           0  0.20s           2026-04-02T23:37:40
================================================================================
[2026-04-02T23:38:10.589+0000] {manager.py:879} INFO - 
================================================================================
DAG File Processing Stats

File Path                          PID    Runtime      # DAGs    # Errors  Last Runtime    Last Run
---------------------------------  -----  ---------  --------  ----------  --------------  -------------------
/opt/airflow/dags/citibike_dag.py                           1           0  0.21s           2026-04-02T23:38:10
================================================================================
[2026-04-02T23:38:40.874+0000] {manager.py:879} INFO - 
================================================================================
DAG File Processing Stats

File Path                          PID    Runtime      # DAGs    # Errors  Last Runtime    Last Run
---------------------------------  -----  ---------  --------  ----------  --------------  -------------------
/opt/airflow/dags/citibike_dag.py                           1           0  0.21s           2026-04-02T23:38:40
================================================================================
[2026-04-02T23:39:11.151+0000] {manager.py:879} INFO - 
================================================================================
DAG File Processing Stats

File Path                          PID    Runtime      # DAGs    # Errors  Last Runtime    Last Run
---------------------------------  -----  ---------  --------  ----------  --------------  -------------------
/opt/airflow/dags/citibike_dag.py                           1           0  0.20s           2026-04-02T23:39:11
================================================================================
[2026-04-02T23:39:41.328+0000] {manager.py:879} INFO - 
================================================================================
DAG File Processing Stats

File Path                          PID    Runtime      # DAGs    # Errors  Last Runtime    Last Run
---------------------------------  -----  ---------  --------  ----------  --------------  -------------------
/opt/airflow/dags/citibike_dag.py                           1           0  0.10s           2026-04-02T23:39:41
================================================================================
[2026-04-02T23:40:11.600+0000] {manager.py:879} INFO - 
================================================================================
DAG File Processing Stats

File Path                          PID    Runtime      # DAGs    # Errors  Last Runtime    Last Run
---------------------------------  -----  ---------  --------  ----------  --------------  -------------------
/opt/airflow/dags/citibike_dag.py                           1           0  0.20s           2026-04-02T23:40:11
================================================================================
[2026-04-02T23:40:41.823+0000] {manager.py:879} INFO - 
================================================================================
DAG File Processing Stats

File Path                          PID    Runtime      # DAGs    # Errors  Last Runtime    Last Run
---------------------------------  -----  ---------  --------  ----------  --------------  -------------------
/opt/airflow/dags/citibike_dag.py                           1           0  0.20s           2026-04-02T23:40:41
================================================================================
